[DEBUG] 2025-12-18 10:07:03.648 - 
========== 應用程序啟動 ==========
[DEBUG] 2025-12-18 10:07:03.648 - 應用目錄: "C:/Users/user/OneDrive/桌面/TaskSnap/debug"
[DEBUG] 2025-12-18 10:07:03.648 - 時間: "2025-12-18 10:07:03"
[INFO ] 2025-12-18 10:07:03.652 - Using Qt multimedia with FFmpeg version 7.1.1 LGPL version 2.1 or later
[DEBUG] 2025-12-18 10:07:03.685 - 數據目錄: "C:/Users/user/OneDrive/桌面/TaskSnap/debug/data"
[DEBUG] 2025-12-18 10:07:03.685 - 資料庫路徑: "C:/Users/user/OneDrive/桌面/TaskSnap/debug/data/tasks.db"
[DEBUG] 2025-12-18 10:07:03.688 - 資料表建立成功
[DEBUG] 2025-12-18 10:07:03.722 - 提醒檢查已啟動
[DEBUG] 2025-12-18 10:07:03.722 - 載入任務數量: 4
[DEBUG] 2025-12-18 10:07:26.408 - 
===== 開始處理任務完成 =====
[DEBUG] 2025-12-18 10:07:26.409 - 任務 ID: 4
[DEBUG] 2025-12-18 10:07:26.409 - 任務標題: "55"
[DEBUG] 2025-12-18 10:07:26.409 - 新狀態: false
[DEBUG] 2025-12-18 10:07:26.413 - 標記任務 未完成 ，ID: 4
[DEBUG] 2025-12-18 10:07:26.413 - ✓ 任務狀態已更新
[DEBUG] 2025-12-18 10:07:26.413 - 重新載入任務列表...
[DEBUG] 2025-12-18 10:07:26.414 - 載入任務數量: 4
[DEBUG] 2025-12-18 10:07:26.414 - ===== 任務完成處理結束 =====

[DEBUG] 2025-12-18 10:07:26.801 - 
===== 開始處理任務完成 =====
[DEBUG] 2025-12-18 10:07:26.801 - 任務 ID: 4
[DEBUG] 2025-12-18 10:07:26.801 - 任務標題: "55"
[DEBUG] 2025-12-18 10:07:26.801 - 新狀態: true
[DEBUG] 2025-12-18 10:07:26.804 - 標記任務 完成 ，ID: 4
[DEBUG] 2025-12-18 10:07:26.805 - ✓ 任務狀態已更新
[DEBUG] 2025-12-18 10:07:26.805 - 
開始建立快照流程...
[DEBUG] 2025-12-18 10:07:26.805 - ✓ 已載入任務信息
[DEBUG] 2025-12-18 10:07:26.805 -   - 標題： "55"
[DEBUG] 2025-12-18 10:07:26.805 -   - 初始附件數量： 0
[DEBUG] 2025-12-18 10:07:26.805 - ✓ 已載入附件
[DEBUG] 2025-12-18 10:07:26.805 -   - 最終附件數量： 0
[DEBUG] 2025-12-18 10:07:26.805 - 
呼叫 createSnapshot()...
[DEBUG] 2025-12-18 10:07:26.805 - ========== 開始建立快照 ==========
[DEBUG] 2025-12-18 10:07:26.805 - 任務 ID: 4
[DEBUG] 2025-12-18 10:07:26.805 - 任務標題: "55"
[DEBUG] 2025-12-18 10:07:26.805 - 快照目錄: "C:/Users/user/OneDrive/桌面/TaskSnap/debug/data/snapshots"
[DEBUG] 2025-12-18 10:07:26.805 - 臨時目錄: "C:/Users/user/OneDrive/桌面/TaskSnap/debug/data/snapshots/.temp_4_1766023646805"
[DEBUG] 2025-12-18 10:07:26.805 - 臨時目錄建立成功
[DEBUG] 2025-12-18 10:07:26.805 - 開始建立任務信息文件...
[DEBUG] 2025-12-18 10:07:26.805 - 目標目錄： "C:/Users/user/OneDrive/桌面/TaskSnap/debug/data/snapshots/.temp_4_1766023646805"
[DEBUG] 2025-12-18 10:07:26.805 - 信息文件路徑： "C:/Users/user/OneDrive/桌面/TaskSnap/debug/data/snapshots/.temp_4_1766023646805/TaskInfo.txt"
[DEBUG] 2025-12-18 10:07:26.806 - ✓ 文件已打開
[DEBUG] 2025-12-18 10:07:26.806 - ✓ 文本流已初始化
[DEBUG] 2025-12-18 10:07:26.806 - ✓ 任務信息文件建立成功
[DEBUG] 2025-12-18 10:07:26.806 - 任務信息文件建立成功
[DEBUG] 2025-12-18 10:07:26.806 - 沒有附件
[DEBUG] 2025-12-18 10:07:26.806 - ZIP 文件名: "Task_000004_2025-12-18_10-07-26.zip"
[DEBUG] 2025-12-18 10:07:26.806 - ZIP 文件完整路徑: "C:/Users/user/OneDrive/桌面/TaskSnap/debug/data/snapshots/Task_000004_2025-12-18_10-07-26.zip"
[DEBUG] 2025-12-18 10:07:26.806 - 開始建立 ZIP 存檔...
[WARN ] 2025-12-18 10:07:26.974 - ZIP 壓縮失敗，退出代碼： 0
[WARN ] 2025-12-18 10:07:26.974 - 無法建立 ZIP 存檔
[DEBUG] 2025-12-18 10:07:26.975 - 快照建立完成，返回路徑: ""
[WARN ] 2025-12-18 10:07:26.975 - ✗ 快照建立失敗！
[DEBUG] 2025-12-18 10:07:28.491 - 重新載入任務列表...
[DEBUG] 2025-12-18 10:07:28.492 - 載入任務數量: 4
[DEBUG] 2025-12-18 10:07:28.492 - ===== 任務完成處理結束 =====

[DEBUG] 2025-12-18 10:07:29.799 - 
===== 開始處理任務完成 =====
[DEBUG] 2025-12-18 10:07:29.799 - 任務 ID: 3
[DEBUG] 2025-12-18 10:07:29.799 - 任務標題: "5"
[DEBUG] 2025-12-18 10:07:29.799 - 新狀態: false
[DEBUG] 2025-12-18 10:07:29.802 - 標記任務 未完成 ，ID: 3
[DEBUG] 2025-12-18 10:07:29.802 - ✓ 任務狀態已更新
[DEBUG] 2025-12-18 10:07:29.802 - 重新載入任務列表...
[DEBUG] 2025-12-18 10:07:29.802 - 載入任務數量: 4
[DEBUG] 2025-12-18 10:07:29.802 - ===== 任務完成處理結束 =====

[DEBUG] 2025-12-18 10:07:30.334 - 
===== 開始處理任務完成 =====
[DEBUG] 2025-12-18 10:07:30.334 - 任務 ID: 3
[DEBUG] 2025-12-18 10:07:30.334 - 任務標題: "5"
[DEBUG] 2025-12-18 10:07:30.334 - 新狀態: true
[DEBUG] 2025-12-18 10:07:30.337 - 標記任務 完成 ，ID: 3
[DEBUG] 2025-12-18 10:07:30.337 - ✓ 任務狀態已更新
[DEBUG] 2025-12-18 10:07:30.337 - 
開始建立快照流程...
[DEBUG] 2025-12-18 10:07:30.337 - ✓ 已載入任務信息
[DEBUG] 2025-12-18 10:07:30.337 -   - 標題： "5"
[DEBUG] 2025-12-18 10:07:30.337 -   - 初始附件數量： 0
[DEBUG] 2025-12-18 10:07:30.338 - ✓ 已載入附件
[DEBUG] 2025-12-18 10:07:30.338 -   - 最終附件數量： 1
[DEBUG] 2025-12-18 10:07:30.338 -     [ 1 ] "視窗設計期末專題計畫書(1).pdf"
[DEBUG] 2025-12-18 10:07:30.338 - 
呼叫 createSnapshot()...
[DEBUG] 2025-12-18 10:07:30.338 - ========== 開始建立快照 ==========
[DEBUG] 2025-12-18 10:07:30.338 - 任務 ID: 3
[DEBUG] 2025-12-18 10:07:30.338 - 任務標題: "5"
[DEBUG] 2025-12-18 10:07:30.338 - 快照目錄: "C:/Users/user/OneDrive/桌面/TaskSnap/debug/data/snapshots"
[DEBUG] 2025-12-18 10:07:30.338 - 臨時目錄: "C:/Users/user/OneDrive/桌面/TaskSnap/debug/data/snapshots/.temp_3_1766023650338"
[DEBUG] 2025-12-18 10:07:30.338 - 臨時目錄建立成功
[DEBUG] 2025-12-18 10:07:30.338 - 開始建立任務信息文件...
[DEBUG] 2025-12-18 10:07:30.338 - 目標目錄： "C:/Users/user/OneDrive/桌面/TaskSnap/debug/data/snapshots/.temp_3_1766023650338"
[DEBUG] 2025-12-18 10:07:30.338 - 信息文件路徑： "C:/Users/user/OneDrive/桌面/TaskSnap/debug/data/snapshots/.temp_3_1766023650338/TaskInfo.txt"
[DEBUG] 2025-12-18 10:07:30.338 - ✓ 文件已打開
[DEBUG] 2025-12-18 10:07:30.338 - ✓ 文本流已初始化
[DEBUG] 2025-12-18 10:07:30.338 - ✓ 任務信息文件建立成功
[DEBUG] 2025-12-18 10:07:30.338 - 任務信息文件建立成功
[DEBUG] 2025-12-18 10:07:30.338 - 開始複製附件，數量: 1
[DEBUG] 2025-12-18 10:07:30.338 - 開始複製附件...
[DEBUG] 2025-12-18 10:07:30.338 - 附件數量： 1
[DEBUG] 2025-12-18 10:07:30.339 - ✓ 附件目錄已建立： "C:/Users/user/OneDrive/桌面/TaskSnap/debug/data/snapshots/.temp_3_1766023650338/attachments"
[DEBUG] 2025-12-18 10:07:30.339 - 處理附件： "視窗設計期末專題計畫書(1).pdf"
[DEBUG] 2025-12-18 10:07:30.339 - 源路徑： "C:/Users/user/OneDrive/桌面/TaskSnap/debug/data/attachments/34e2a1e5-87b9-42e1-94f5-d4bd5c1e49d3_視窗設計期末專題計畫書(1).pdf"
[DEBUG] 2025-12-18 10:07:30.340 - ✓ 附件已複製： "C:/Users/user/OneDrive/桌面/TaskSnap/debug/data/snapshots/.temp_3_1766023650338/attachments/視窗設計期末專題計畫書(1).pdf"
[DEBUG] 2025-12-18 10:07:30.340 - ✓ 附件複製完成，共複製 1 個文件
[DEBUG] 2025-12-18 10:07:30.340 - 附件複製完成
[DEBUG] 2025-12-18 10:07:30.340 - ZIP 文件名: "Task_000003_2025-12-18_10-07-30.zip"
[DEBUG] 2025-12-18 10:07:30.340 - ZIP 文件完整路徑: "C:/Users/user/OneDrive/桌面/TaskSnap/debug/data/snapshots/Task_000003_2025-12-18_10-07-30.zip"
[DEBUG] 2025-12-18 10:07:30.340 - 開始建立 ZIP 存檔...
[WARN ] 2025-12-18 10:07:30.502 - ZIP 壓縮失敗，退出代碼： 0
[WARN ] 2025-12-18 10:07:30.502 - 無法建立 ZIP 存檔
[DEBUG] 2025-12-18 10:07:30.503 - 快照建立完成，返回路徑: ""
[WARN ] 2025-12-18 10:07:30.503 - ✗ 快照建立失敗！
[DEBUG] 2025-12-18 10:07:37.886 - 重新載入任務列表...
[DEBUG] 2025-12-18 10:07:37.886 - 載入任務數量: 4
[DEBUG] 2025-12-18 10:07:37.886 - ===== 任務完成處理結束 =====

[DEBUG] 2025-12-18 10:10:54.862 - 
========== 應用程序啟動 ==========
[DEBUG] 2025-12-18 10:10:54.864 - 應用目錄: "C:/Users/user/OneDrive/桌面/TaskSnap/debug"
[DEBUG] 2025-12-18 10:10:54.864 - 時間: "2025-12-18 10:10:54"
[INFO ] 2025-12-18 10:10:54.867 - Using Qt multimedia with FFmpeg version 7.1.1 LGPL version 2.1 or later
[DEBUG] 2025-12-18 10:10:54.894 - 數據目錄: "C:/Users/user/OneDrive/桌面/TaskSnap/debug/data"
[DEBUG] 2025-12-18 10:10:54.894 - 資料庫路徑: "C:/Users/user/OneDrive/桌面/TaskSnap/debug/data/tasks.db"
[DEBUG] 2025-12-18 10:10:54.896 - 資料表建立成功
[DEBUG] 2025-12-18 10:10:54.896 - 
========== 應用程序初始化 ==========
[DEBUG] 2025-12-18 10:10:54.896 - 數據存儲位置: "C:/Users/user/OneDrive/桌面/TaskSnap/debug/data"
[DEBUG] 2025-12-18 10:10:54.909 - 提醒檢查已啟動
[DEBUG] 2025-12-18 10:10:54.910 - 載入任務數量: 4
[DEBUG] 2025-12-18 10:10:58.647 - 
===== 開始處理任務完成 =====
[DEBUG] 2025-12-18 10:10:58.647 - 任務 ID: 1
[DEBUG] 2025-12-18 10:10:58.647 - 任務標題: "55"
[DEBUG] 2025-12-18 10:10:58.647 - 新狀態: false
[DEBUG] 2025-12-18 10:10:58.651 - 標記任務 未完成 ，ID: 1
[DEBUG] 2025-12-18 10:10:58.651 - ✓ 任務狀態已更新
[DEBUG] 2025-12-18 10:10:58.651 - 重新載入任務列表...
[DEBUG] 2025-12-18 10:10:58.651 - 載入任務數量: 4
[DEBUG] 2025-12-18 10:10:58.651 - ===== 任務完成處理結束 =====

[DEBUG] 2025-12-18 10:10:59.095 - 
===== 開始處理任務完成 =====
[DEBUG] 2025-12-18 10:10:59.095 - 任務 ID: 1
[DEBUG] 2025-12-18 10:10:59.095 - 任務標題: "55"
[DEBUG] 2025-12-18 10:10:59.095 - 新狀態: true
[DEBUG] 2025-12-18 10:10:59.100 - 標記任務 完成 ，ID: 1
[DEBUG] 2025-12-18 10:10:59.100 - ✓ 任務狀態已更新
[DEBUG] 2025-12-18 10:10:59.100 - 
開始建立快照流程...
[DEBUG] 2025-12-18 10:10:59.100 - ✓ 已載入任務信息
[DEBUG] 2025-12-18 10:10:59.100 -   - 標題： "55"
[DEBUG] 2025-12-18 10:10:59.100 -   - 初始附件數量： 0
[DEBUG] 2025-12-18 10:10:59.100 - ✓ 已載入附件
[DEBUG] 2025-12-18 10:10:59.100 -   - 最終附件數量： 3
[DEBUG] 2025-12-18 10:10:59.100 -     [ 1 ] "視窗設計期末專題計畫書(1).pdf"
[DEBUG] 2025-12-18 10:10:59.100 -     [ 2 ] "螢幕擷取畫面 2025-11-21 132757.jpg"
[DEBUG] 2025-12-18 10:10:59.100 -     [ 3 ] "3D物件列印計畫書-范姜登科-電話外觀.docx"
[DEBUG] 2025-12-18 10:10:59.100 - 
呼叫 createSnapshot()...
[DEBUG] 2025-12-18 10:10:59.100 - ========== 開始建立快照 ==========
[DEBUG] 2025-12-18 10:10:59.100 - 任務 ID: 1
[DEBUG] 2025-12-18 10:10:59.100 - 任務標題: "55"
[DEBUG] 2025-12-18 10:10:59.100 - 快照目錄: "C:/Users/user/OneDrive/桌面/TaskSnap/debug/data/snapshots"
[DEBUG] 2025-12-18 10:10:59.100 - 臨時目錄: "C:/Users/user/OneDrive/桌面/TaskSnap/debug/data/snapshots/.temp_1_1766023859100"
[DEBUG] 2025-12-18 10:10:59.101 - 臨時目錄建立成功
[DEBUG] 2025-12-18 10:10:59.101 - 開始建立任務信息文件...
[DEBUG] 2025-12-18 10:10:59.101 - 目標目錄： "C:/Users/user/OneDrive/桌面/TaskSnap/debug/data/snapshots/.temp_1_1766023859100"
[DEBUG] 2025-12-18 10:10:59.101 - 信息文件路徑： "C:/Users/user/OneDrive/桌面/TaskSnap/debug/data/snapshots/.temp_1_1766023859100/TaskInfo.txt"
[DEBUG] 2025-12-18 10:10:59.101 - ✓ 文件已打開
[DEBUG] 2025-12-18 10:10:59.101 - ✓ 文本流已初始化
[DEBUG] 2025-12-18 10:10:59.102 - ✓ 任務信息文件建立成功
[DEBUG] 2025-12-18 10:10:59.102 - 任務信息文件建立成功
[DEBUG] 2025-12-18 10:10:59.102 - 開始複製附件，數量: 3
[DEBUG] 2025-12-18 10:10:59.102 - 開始複製附件...
[DEBUG] 2025-12-18 10:10:59.102 - 附件數量： 3
[DEBUG] 2025-12-18 10:10:59.102 - ✓ 附件目錄已建立： "C:/Users/user/OneDrive/桌面/TaskSnap/debug/data/snapshots/.temp_1_1766023859100/attachments"
[DEBUG] 2025-12-18 10:10:59.102 - 處理附件： "視窗設計期末專題計畫書(1).pdf"
[DEBUG] 2025-12-18 10:10:59.102 - 源路徑： "C:/Users/user/OneDrive/桌面/TaskSnap/debug/data/attachments/ec29285d-c907-401b-adee-66f1a34b30a2_視窗設計期末專題計畫書(1).pdf"
[DEBUG] 2025-12-18 10:10:59.106 - ✓ 附件已複製： "C:/Users/user/OneDrive/桌面/TaskSnap/debug/data/snapshots/.temp_1_1766023859100/attachments/視窗設計期末專題計畫書(1).pdf"
[DEBUG] 2025-12-18 10:10:59.106 - 處理附件： "螢幕擷取畫面 2025-11-21 132757.jpg"
[DEBUG] 2025-12-18 10:10:59.106 - 源路徑： "C:/Users/user/OneDrive/桌面/TaskSnap/debug/data/attachments/4b8b688d-7561-4b86-9ac6-4c26ad69dc4c_螢幕擷取畫面 2025-11-21 132757.jpg"
[DEBUG] 2025-12-18 10:10:59.107 - ✓ 附件已複製： "C:/Users/user/OneDrive/桌面/TaskSnap/debug/data/snapshots/.temp_1_1766023859100/attachments/螢幕擷取畫面 2025-11-21 132757.jpg"
[DEBUG] 2025-12-18 10:10:59.107 - 處理附件： "3D物件列印計畫書-范姜登科-電話外觀.docx"
[DEBUG] 2025-12-18 10:10:59.107 - 源路徑： "C:/Users/user/OneDrive/桌面/TaskSnap/debug/data/attachments/0c383e10-f029-44f2-ba58-97e93011c981_3D物件列印計畫書-范姜登科-電話外觀.docx"
[DEBUG] 2025-12-18 10:10:59.109 - ✓ 附件已複製： "C:/Users/user/OneDrive/桌面/TaskSnap/debug/data/snapshots/.temp_1_1766023859100/attachments/3D物件列印計畫書-范姜登科-電話外觀.docx"
[DEBUG] 2025-12-18 10:10:59.109 - ✓ 附件複製完成，共複製 3 個文件
[DEBUG] 2025-12-18 10:10:59.109 - 附件複製完成
[DEBUG] 2025-12-18 10:10:59.109 - ZIP 文件名: "Task_000001_2025-12-18_10-10-59.zip"
[DEBUG] 2025-12-18 10:10:59.109 - ZIP 文件完整路徑: "C:/Users/user/OneDrive/桌面/TaskSnap/debug/data/snapshots/Task_000001_2025-12-18_10-10-59.zip"
[DEBUG] 2025-12-18 10:10:59.109 - 開始建立 ZIP 存檔...
[DEBUG] 2025-12-18 10:10:59.109 - 開始建立 ZIP 存檔
[DEBUG] 2025-12-18 10:10:59.109 - 源目錄: "C:/Users/user/OneDrive/桌面/TaskSnap/debug/data/snapshots/.temp_1_1766023859100"
[DEBUG] 2025-12-18 10:10:59.109 - ZIP 路徑: "C:/Users/user/OneDrive/桌面/TaskSnap/debug/data/snapshots/Task_000001_2025-12-18_10-10-59.zip"
[DEBUG] 2025-12-18 10:10:59.109 - 嘗試使用 tar 命令...
[DEBUG] 2025-12-18 10:10:59.150 - ✓ 使用 tar 命令成功建立 ZIP 存檔
[DEBUG] 2025-12-18 10:10:59.150 - ZIP 存檔建立成功
[DEBUG] 2025-12-18 10:10:59.152 - 臨時目錄已清理
[DEBUG] 2025-12-18 10:10:59.152 - ========== 快照建立完成 ==========
[DEBUG] 2025-12-18 10:10:59.152 - 快照已建立： "C:/Users/user/OneDrive/桌面/TaskSnap/debug/data/snapshots/Task_000001_2025-12-18_10-10-59.zip"
[DEBUG] 2025-12-18 10:10:59.152 - 快照建立完成，返回路徑: "C:/Users/user/OneDrive/桌面/TaskSnap/debug/data/snapshots/Task_000001_2025-12-18_10-10-59.zip"
[DEBUG] 2025-12-18 10:10:59.152 - ✓✓✓ 快照建立成功！
[DEBUG] 2025-12-18 10:11:04.874 - 重新載入任務列表...
[DEBUG] 2025-12-18 10:11:04.874 - 載入任務數量: 4
[DEBUG] 2025-12-18 10:11:04.875 - ===== 任務完成處理結束 =====

[DEBUG] 2025-12-18 10:11:06.178 - 
===== 開始處理任務完成 =====
[DEBUG] 2025-12-18 10:11:06.178 - 任務 ID: 4
[DEBUG] 2025-12-18 10:11:06.178 - 任務標題: "55"
[DEBUG] 2025-12-18 10:11:06.178 - 新狀態: false
[DEBUG] 2025-12-18 10:11:06.182 - 標記任務 未完成 ，ID: 4
[DEBUG] 2025-12-18 10:11:06.182 - ✓ 任務狀態已更新
[DEBUG] 2025-12-18 10:11:06.182 - 重新載入任務列表...
[DEBUG] 2025-12-18 10:11:06.183 - 載入任務數量: 4
[DEBUG] 2025-12-18 10:11:06.183 - ===== 任務完成處理結束 =====

[DEBUG] 2025-12-18 10:11:06.731 - 
===== 開始處理任務完成 =====
[DEBUG] 2025-12-18 10:11:06.732 - 任務 ID: 4
[DEBUG] 2025-12-18 10:11:06.732 - 任務標題: "55"
[DEBUG] 2025-12-18 10:11:06.732 - 新狀態: true
[DEBUG] 2025-12-18 10:11:06.736 - 標記任務 完成 ，ID: 4
[DEBUG] 2025-12-18 10:11:06.736 - ✓ 任務狀態已更新
[DEBUG] 2025-12-18 10:11:06.736 - 
開始建立快照流程...
[DEBUG] 2025-12-18 10:11:06.736 - ✓ 已載入任務信息
[DEBUG] 2025-12-18 10:11:06.736 -   - 標題： "55"
[DEBUG] 2025-12-18 10:11:06.736 -   - 初始附件數量： 0
[DEBUG] 2025-12-18 10:11:06.736 - ✓ 已載入附件
[DEBUG] 2025-12-18 10:11:06.736 -   - 最終附件數量： 0
[DEBUG] 2025-12-18 10:11:06.736 - 
呼叫 createSnapshot()...
[DEBUG] 2025-12-18 10:11:06.736 - ========== 開始建立快照 ==========
[DEBUG] 2025-12-18 10:11:06.736 - 任務 ID: 4
[DEBUG] 2025-12-18 10:11:06.736 - 任務標題: "55"
[DEBUG] 2025-12-18 10:11:06.737 - 快照目錄: "C:/Users/user/OneDrive/桌面/TaskSnap/debug/data/snapshots"
[DEBUG] 2025-12-18 10:11:06.737 - 臨時目錄: "C:/Users/user/OneDrive/桌面/TaskSnap/debug/data/snapshots/.temp_4_1766023866737"
[DEBUG] 2025-12-18 10:11:06.737 - 臨時目錄建立成功
[DEBUG] 2025-12-18 10:11:06.737 - 開始建立任務信息文件...
[DEBUG] 2025-12-18 10:11:06.737 - 目標目錄： "C:/Users/user/OneDrive/桌面/TaskSnap/debug/data/snapshots/.temp_4_1766023866737"
[DEBUG] 2025-12-18 10:11:06.737 - 信息文件路徑： "C:/Users/user/OneDrive/桌面/TaskSnap/debug/data/snapshots/.temp_4_1766023866737/TaskInfo.txt"
[DEBUG] 2025-12-18 10:11:06.738 - ✓ 文件已打開
[DEBUG] 2025-12-18 10:11:06.738 - ✓ 文本流已初始化
[DEBUG] 2025-12-18 10:11:06.738 - ✓ 任務信息文件建立成功
[DEBUG] 2025-12-18 10:11:06.738 - 任務信息文件建立成功
[DEBUG] 2025-12-18 10:11:06.738 - 沒有附件
[DEBUG] 2025-12-18 10:11:06.739 - ZIP 文件名: "Task_000004_2025-12-18_10-11-06.zip"
[DEBUG] 2025-12-18 10:11:06.739 - ZIP 文件完整路徑: "C:/Users/user/OneDrive/桌面/TaskSnap/debug/data/snapshots/Task_000004_2025-12-18_10-11-06.zip"
[DEBUG] 2025-12-18 10:11:06.739 - 開始建立 ZIP 存檔...
[DEBUG] 2025-12-18 10:11:06.739 - 開始建立 ZIP 存檔
[DEBUG] 2025-12-18 10:11:06.739 - 源目錄: "C:/Users/user/OneDrive/桌面/TaskSnap/debug/data/snapshots/.temp_4_1766023866737"
[DEBUG] 2025-12-18 10:11:06.739 - ZIP 路徑: "C:/Users/user/OneDrive/桌面/TaskSnap/debug/data/snapshots/Task_000004_2025-12-18_10-11-06.zip"
[DEBUG] 2025-12-18 10:11:06.739 - 嘗試使用 tar 命令...
[DEBUG] 2025-12-18 10:11:06.766 - ✓ 使用 tar 命令成功建立 ZIP 存檔
[DEBUG] 2025-12-18 10:11:06.766 - ZIP 存檔建立成功
[DEBUG] 2025-12-18 10:11:06.766 - 臨時目錄已清理
[DEBUG] 2025-12-18 10:11:06.766 - ========== 快照建立完成 ==========
[DEBUG] 2025-12-18 10:11:06.766 - 快照已建立： "C:/Users/user/OneDrive/桌面/TaskSnap/debug/data/snapshots/Task_000004_2025-12-18_10-11-06.zip"
[DEBUG] 2025-12-18 10:11:06.766 - 快照建立完成，返回路徑: "C:/Users/user/OneDrive/桌面/TaskSnap/debug/data/snapshots/Task_000004_2025-12-18_10-11-06.zip"
[DEBUG] 2025-12-18 10:11:06.767 - ✓✓✓ 快照建立成功！
[DEBUG] 2025-12-18 10:11:08.686 - 重新載入任務列表...
[DEBUG] 2025-12-18 10:11:08.686 - 載入任務數量: 4
[DEBUG] 2025-12-18 10:11:08.687 - ===== 任務完成處理結束 =====

[DEBUG] 2025-12-18 10:11:10.413 - 
===== 開始處理任務完成 =====
[DEBUG] 2025-12-18 10:11:10.413 - 任務 ID: 2
[DEBUG] 2025-12-18 10:11:10.413 - 任務標題: "555"
[DEBUG] 2025-12-18 10:11:10.413 - 新狀態: false
[DEBUG] 2025-12-18 10:11:10.418 - 標記任務 未完成 ，ID: 2
[DEBUG] 2025-12-18 10:11:10.418 - ✓ 任務狀態已更新
[DEBUG] 2025-12-18 10:11:10.418 - 重新載入任務列表...
[DEBUG] 2025-12-18 10:11:10.418 - 載入任務數量: 4
[DEBUG] 2025-12-18 10:11:10.419 - ===== 任務完成處理結束 =====

[DEBUG] 2025-12-18 10:11:10.740 - 
===== 開始處理任務完成 =====
[DEBUG] 2025-12-18 10:11:10.740 - 任務 ID: 2
[DEBUG] 2025-12-18 10:11:10.741 - 任務標題: "555"
[DEBUG] 2025-12-18 10:11:10.741 - 新狀態: true
[DEBUG] 2025-12-18 10:11:10.744 - 標記任務 完成 ，ID: 2
[DEBUG] 2025-12-18 10:11:10.744 - ✓ 任務狀態已更新
[DEBUG] 2025-12-18 10:11:10.744 - 
開始建立快照流程...
[DEBUG] 2025-12-18 10:11:10.745 - ✓ 已載入任務信息
[DEBUG] 2025-12-18 10:11:10.745 -   - 標題： "555"
[DEBUG] 2025-12-18 10:11:10.745 -   - 初始附件數量： 0
[DEBUG] 2025-12-18 10:11:10.745 - ✓ 已載入附件
[DEBUG] 2025-12-18 10:11:10.745 -   - 最終附件數量： 2
[DEBUG] 2025-12-18 10:11:10.745 -     [ 1 ] "視窗設計期末專題計畫書(1).pdf"
[DEBUG] 2025-12-18 10:11:10.745 -     [ 2 ] "螢幕擷取畫面 2025-11-21 132757.jpg"
[DEBUG] 2025-12-18 10:11:10.745 - 
呼叫 createSnapshot()...
[DEBUG] 2025-12-18 10:11:10.745 - ========== 開始建立快照 ==========
[DEBUG] 2025-12-18 10:11:10.745 - 任務 ID: 2
[DEBUG] 2025-12-18 10:11:10.745 - 任務標題: "555"
[DEBUG] 2025-12-18 10:11:10.745 - 快照目錄: "C:/Users/user/OneDrive/桌面/TaskSnap/debug/data/snapshots"
[DEBUG] 2025-12-18 10:11:10.745 - 臨時目錄: "C:/Users/user/OneDrive/桌面/TaskSnap/debug/data/snapshots/.temp_2_1766023870745"
[DEBUG] 2025-12-18 10:11:10.746 - 臨時目錄建立成功
[DEBUG] 2025-12-18 10:11:10.746 - 開始建立任務信息文件...
[DEBUG] 2025-12-18 10:11:10.746 - 目標目錄： "C:/Users/user/OneDrive/桌面/TaskSnap/debug/data/snapshots/.temp_2_1766023870745"
[DEBUG] 2025-12-18 10:11:10.746 - 信息文件路徑： "C:/Users/user/OneDrive/桌面/TaskSnap/debug/data/snapshots/.temp_2_1766023870745/TaskInfo.txt"
[DEBUG] 2025-12-18 10:11:10.746 - ✓ 文件已打開
[DEBUG] 2025-12-18 10:11:10.746 - ✓ 文本流已初始化
[DEBUG] 2025-12-18 10:11:10.746 - ✓ 任務信息文件建立成功
[DEBUG] 2025-12-18 10:11:10.746 - 任務信息文件建立成功
[DEBUG] 2025-12-18 10:11:10.746 - 開始複製附件，數量: 2
[DEBUG] 2025-12-18 10:11:10.746 - 開始複製附件...
[DEBUG] 2025-12-18 10:11:10.746 - 附件數量： 2
[DEBUG] 2025-12-18 10:11:10.746 - ✓ 附件目錄已建立： "C:/Users/user/OneDrive/桌面/TaskSnap/debug/data/snapshots/.temp_2_1766023870745/attachments"
[DEBUG] 2025-12-18 10:11:10.746 - 處理附件： "視窗設計期末專題計畫書(1).pdf"
[DEBUG] 2025-12-18 10:11:10.746 - 源路徑： "C:/Users/user/OneDrive/桌面/TaskSnap/debug/data/attachments/3b946533-8c0d-4be9-a3e0-37866c9a5ea3_視窗設計期末專題計畫書(1).pdf"
[DEBUG] 2025-12-18 10:11:10.748 - ✓ 附件已複製： "C:/Users/user/OneDrive/桌面/TaskSnap/debug/data/snapshots/.temp_2_1766023870745/attachments/視窗設計期末專題計畫書(1).pdf"
[DEBUG] 2025-12-18 10:11:10.748 - 處理附件： "螢幕擷取畫面 2025-11-21 132757.jpg"
[DEBUG] 2025-12-18 10:11:10.748 - 源路徑： "C:/Users/user/OneDrive/桌面/TaskSnap/debug/data/attachments/75d68c0a-9925-42b9-9844-771dde3531f6_螢幕擷取畫面 2025-11-21 132757.jpg"
[DEBUG] 2025-12-18 10:11:10.749 - ✓ 附件已複製： "C:/Users/user/OneDrive/桌面/TaskSnap/debug/data/snapshots/.temp_2_1766023870745/attachments/螢幕擷取畫面 2025-11-21 132757.jpg"
[DEBUG] 2025-12-18 10:11:10.749 - ✓ 附件複製完成，共複製 2 個文件
[DEBUG] 2025-12-18 10:11:10.749 - 附件複製完成
[DEBUG] 2025-12-18 10:11:10.749 - ZIP 文件名: "Task_000002_2025-12-18_10-11-10.zip"
[DEBUG] 2025-12-18 10:11:10.749 - ZIP 文件完整路徑: "C:/Users/user/OneDrive/桌面/TaskSnap/debug/data/snapshots/Task_000002_2025-12-18_10-11-10.zip"
[DEBUG] 2025-12-18 10:11:10.749 - 開始建立 ZIP 存檔...
[DEBUG] 2025-12-18 10:11:10.749 - 開始建立 ZIP 存檔
[DEBUG] 2025-12-18 10:11:10.749 - 源目錄: "C:/Users/user/OneDrive/桌面/TaskSnap/debug/data/snapshots/.temp_2_1766023870745"
[DEBUG] 2025-12-18 10:11:10.749 - ZIP 路徑: "C:/Users/user/OneDrive/桌面/TaskSnap/debug/data/snapshots/Task_000002_2025-12-18_10-11-10.zip"
[DEBUG] 2025-12-18 10:11:10.749 - 嘗試使用 tar 命令...
[DEBUG] 2025-12-18 10:11:10.783 - ✓ 使用 tar 命令成功建立 ZIP 存檔
[DEBUG] 2025-12-18 10:11:10.783 - ZIP 存檔建立成功
[DEBUG] 2025-12-18 10:11:10.784 - 臨時目錄已清理
[DEBUG] 2025-12-18 10:11:10.784 - ========== 快照建立完成 ==========
[DEBUG] 2025-12-18 10:11:10.784 - 快照已建立： "C:/Users/user/OneDrive/桌面/TaskSnap/debug/data/snapshots/Task_000002_2025-12-18_10-11-10.zip"
[DEBUG] 2025-12-18 10:11:10.784 - 快照建立完成，返回路徑: "C:/Users/user/OneDrive/桌面/TaskSnap/debug/data/snapshots/Task_000002_2025-12-18_10-11-10.zip"
[DEBUG] 2025-12-18 10:11:10.784 - ✓✓✓ 快照建立成功！
[DEBUG] 2025-12-18 10:11:14.278 - 重新載入任務列表...
[DEBUG] 2025-12-18 10:11:14.278 - 載入任務數量: 4
[DEBUG] 2025-12-18 10:11:14.279 - ===== 任務完成處理結束 =====

[DEBUG] 2025-12-18 10:11:36.767 - 
===== 開始處理任務完成 =====
[DEBUG] 2025-12-18 10:11:36.768 - 任務 ID: 3
[DEBUG] 2025-12-18 10:11:36.768 - 任務標題: "5"
[DEBUG] 2025-12-18 10:11:36.768 - 新狀態: false
[DEBUG] 2025-12-18 10:11:36.772 - 標記任務 未完成 ，ID: 3
[DEBUG] 2025-12-18 10:11:36.772 - ✓ 任務狀態已更新
[DEBUG] 2025-12-18 10:11:36.772 - 重新載入任務列表...
[DEBUG] 2025-12-18 10:11:36.773 - 載入任務數量: 4
[DEBUG] 2025-12-18 10:11:36.774 - ===== 任務完成處理結束 =====

[DEBUG] 2025-12-18 10:11:37.699 - 
===== 開始處理任務完成 =====
[DEBUG] 2025-12-18 10:11:37.700 - 任務 ID: 3
[DEBUG] 2025-12-18 10:11:37.700 - 任務標題: "5"
[DEBUG] 2025-12-18 10:11:37.700 - 新狀態: true
[DEBUG] 2025-12-18 10:11:37.705 - 標記任務 完成 ，ID: 3
[DEBUG] 2025-12-18 10:11:37.705 - ✓ 任務狀態已更新
[DEBUG] 2025-12-18 10:11:37.705 - 
開始建立快照流程...
[DEBUG] 2025-12-18 10:11:37.705 - ✓ 已載入任務信息
[DEBUG] 2025-12-18 10:11:37.705 -   - 標題： "5"
[DEBUG] 2025-12-18 10:11:37.705 -   - 初始附件數量： 0
[DEBUG] 2025-12-18 10:11:37.706 - ✓ 已載入附件
[DEBUG] 2025-12-18 10:11:37.706 -   - 最終附件數量： 1
[DEBUG] 2025-12-18 10:11:37.706 -     [ 1 ] "視窗設計期末專題計畫書(1).pdf"
[DEBUG] 2025-12-18 10:11:37.706 - 
呼叫 createSnapshot()...
[DEBUG] 2025-12-18 10:11:37.706 - ========== 開始建立快照 ==========
[DEBUG] 2025-12-18 10:11:37.706 - 任務 ID: 3
[DEBUG] 2025-12-18 10:11:37.706 - 任務標題: "5"
[DEBUG] 2025-12-18 10:11:37.707 - 快照目錄: "C:/Users/user/OneDrive/桌面/TaskSnap/debug/data/snapshots"
[DEBUG] 2025-12-18 10:11:37.707 - 臨時目錄: "C:/Users/user/OneDrive/桌面/TaskSnap/debug/data/snapshots/.temp_3_1766023897707"
[DEBUG] 2025-12-18 10:11:37.707 - 臨時目錄建立成功
[DEBUG] 2025-12-18 10:11:37.707 - 開始建立任務信息文件...
[DEBUG] 2025-12-18 10:11:37.707 - 目標目錄： "C:/Users/user/OneDrive/桌面/TaskSnap/debug/data/snapshots/.temp_3_1766023897707"
[DEBUG] 2025-12-18 10:11:37.707 - 信息文件路徑： "C:/Users/user/OneDrive/桌面/TaskSnap/debug/data/snapshots/.temp_3_1766023897707/TaskInfo.txt"
[DEBUG] 2025-12-18 10:11:37.708 - ✓ 文件已打開
[DEBUG] 2025-12-18 10:11:37.708 - ✓ 文本流已初始化
[DEBUG] 2025-12-18 10:11:37.708 - ✓ 任務信息文件建立成功
[DEBUG] 2025-12-18 10:11:37.708 - 任務信息文件建立成功
[DEBUG] 2025-12-18 10:11:37.708 - 開始複製附件，數量: 1
[DEBUG] 2025-12-18 10:11:37.708 - 開始複製附件...
[DEBUG] 2025-12-18 10:11:37.708 - 附件數量： 1
[DEBUG] 2025-12-18 10:11:37.708 - ✓ 附件目錄已建立： "C:/Users/user/OneDrive/桌面/TaskSnap/debug/data/snapshots/.temp_3_1766023897707/attachments"
[DEBUG] 2025-12-18 10:11:37.708 - 處理附件： "視窗設計期末專題計畫書(1).pdf"
[DEBUG] 2025-12-18 10:11:37.708 - 源路徑： "C:/Users/user/OneDrive/桌面/TaskSnap/debug/data/attachments/34e2a1e5-87b9-42e1-94f5-d4bd5c1e49d3_視窗設計期末專題計畫書(1).pdf"
[DEBUG] 2025-12-18 10:11:37.710 - ✓ 附件已複製： "C:/Users/user/OneDrive/桌面/TaskSnap/debug/data/snapshots/.temp_3_1766023897707/attachments/視窗設計期末專題計畫書(1).pdf"
[DEBUG] 2025-12-18 10:11:37.710 - ✓ 附件複製完成，共複製 1 個文件
[DEBUG] 2025-12-18 10:11:37.710 - 附件複製完成
[DEBUG] 2025-12-18 10:11:37.710 - ZIP 文件名: "Task_000003_2025-12-18_10-11-37.zip"
[DEBUG] 2025-12-18 10:11:37.710 - ZIP 文件完整路徑: "C:/Users/user/OneDrive/桌面/TaskSnap/debug/data/snapshots/Task_000003_2025-12-18_10-11-37.zip"
[DEBUG] 2025-12-18 10:11:37.711 - 開始建立 ZIP 存檔...
[DEBUG] 2025-12-18 10:11:37.711 - 開始建立 ZIP 存檔
[DEBUG] 2025-12-18 10:11:37.711 - 源目錄: "C:/Users/user/OneDrive/桌面/TaskSnap/debug/data/snapshots/.temp_3_1766023897707"
[DEBUG] 2025-12-18 10:11:37.711 - ZIP 路徑: "C:/Users/user/OneDrive/桌面/TaskSnap/debug/data/snapshots/Task_000003_2025-12-18_10-11-37.zip"
[DEBUG] 2025-12-18 10:11:37.711 - 嘗試使用 tar 命令...
[DEBUG] 2025-12-18 10:11:37.737 - ✓ 使用 tar 命令成功建立 ZIP 存檔
[DEBUG] 2025-12-18 10:11:37.737 - ZIP 存檔建立成功
[DEBUG] 2025-12-18 10:11:37.738 - 臨時目錄已清理
[DEBUG] 2025-12-18 10:11:37.738 - ========== 快照建立完成 ==========
[DEBUG] 2025-12-18 10:11:37.738 - 快照已建立： "C:/Users/user/OneDrive/桌面/TaskSnap/debug/data/snapshots/Task_000003_2025-12-18_10-11-37.zip"
[DEBUG] 2025-12-18 10:11:37.738 - 快照建立完成，返回路徑: "C:/Users/user/OneDrive/桌面/TaskSnap/debug/data/snapshots/Task_000003_2025-12-18_10-11-37.zip"
[DEBUG] 2025-12-18 10:11:37.738 - ✓✓✓ 快照建立成功！
[DEBUG] 2025-12-18 10:12:30.066 - 重新載入任務列表...
[DEBUG] 2025-12-18 10:12:30.067 - 載入任務數量: 4
[DEBUG] 2025-12-18 10:12:30.067 - ===== 任務完成處理結束 =====

[DEBUG] 2025-12-18 10:14:14.892 - 
========== 應用程序啟動 ==========
[DEBUG] 2025-12-18 10:14:14.893 - 應用目錄: "C:/Users/user/OneDrive/桌面/TaskSnap/debug"
[DEBUG] 2025-12-18 10:14:14.893 - 時間: "2025-12-18 10:14:14"
[INFO ] 2025-12-18 10:14:14.896 - Using Qt multimedia with FFmpeg version 7.1.1 LGPL version 2.1 or later
[DEBUG] 2025-12-18 10:14:14.922 - 數據目錄: "C:/Users/user/OneDrive/桌面/TaskSnap/debug/data"
[DEBUG] 2025-12-18 10:14:14.922 - 資料庫路徑: "C:/Users/user/OneDrive/桌面/TaskSnap/debug/data/tasks.db"
[DEBUG] 2025-12-18 10:14:14.924 - 資料表建立成功
[DEBUG] 2025-12-18 10:14:14.924 - 
========== 應用程序初始化 ==========
[DEBUG] 2025-12-18 10:14:14.924 - 數據存儲位置: "C:/Users/user/OneDrive/桌面/TaskSnap/debug/data"
[DEBUG] 2025-12-18 10:14:14.939 - 提醒檢查已啟動
[DEBUG] 2025-12-18 10:14:14.940 - 載入任務數量: 4
[DEBUG] 2025-12-18 10:14:18.502 - 
===== 開始處理任務完成 =====
[DEBUG] 2025-12-18 10:14:18.503 - 任務 ID: 1
[DEBUG] 2025-12-18 10:14:18.503 - 任務標題: "55"
[DEBUG] 2025-12-18 10:14:18.503 - 新狀態: false
[DEBUG] 2025-12-18 10:14:18.508 - 標記任務 未完成 ，ID: 1
[DEBUG] 2025-12-18 10:14:18.508 - ✓ 任務狀態已更新
[DEBUG] 2025-12-18 10:14:18.508 - 重新載入任務列表...
[DEBUG] 2025-12-18 10:14:18.509 - 載入任務數量: 4
[DEBUG] 2025-12-18 10:14:18.509 - ===== 任務完成處理結束 =====

[DEBUG] 2025-12-18 10:14:18.900 - 
===== 開始處理任務完成 =====
[DEBUG] 2025-12-18 10:14:18.900 - 任務 ID: 1
[DEBUG] 2025-12-18 10:14:18.900 - 任務標題: "55"
[DEBUG] 2025-12-18 10:14:18.901 - 新狀態: true
[DEBUG] 2025-12-18 10:14:18.905 - 標記任務 完成 ，ID: 1
[DEBUG] 2025-12-18 10:14:18.905 - ✓ 任務狀態已更新
[DEBUG] 2025-12-18 10:14:18.905 - 
開始建立快照流程...
[DEBUG] 2025-12-18 10:14:18.906 - ✓ 已載入任務信息
[DEBUG] 2025-12-18 10:14:18.906 -   - 標題： "55"
[DEBUG] 2025-12-18 10:14:18.906 -   - 初始附件數量： 0
[DEBUG] 2025-12-18 10:14:18.906 - ✓ 已載入附件
[DEBUG] 2025-12-18 10:14:18.906 -   - 最終附件數量： 3
[DEBUG] 2025-12-18 10:14:18.906 -     [ 1 ] "視窗設計期末專題計畫書(1).pdf"
[DEBUG] 2025-12-18 10:14:18.907 -     [ 2 ] "螢幕擷取畫面 2025-11-21 132757.jpg"
[DEBUG] 2025-12-18 10:14:18.907 -     [ 3 ] "3D物件列印計畫書-范姜登科-電話外觀.docx"
[DEBUG] 2025-12-18 10:14:18.907 - 
呼叫 createSnapshot()...
[DEBUG] 2025-12-18 10:14:18.907 - ========== 開始建立快照 ==========
[DEBUG] 2025-12-18 10:14:18.907 - 任務 ID: 1
[DEBUG] 2025-12-18 10:14:18.907 - 任務標題: "55"
[DEBUG] 2025-12-18 10:14:18.908 - 快照目錄: "C:/Users/user/OneDrive/桌面/TaskSnap/debug/data/snapshots"
[DEBUG] 2025-12-18 10:14:18.908 - 臨時目錄: "C:/Users/user/OneDrive/桌面/TaskSnap/debug/data/snapshots/.temp_1_1766024058908"
[DEBUG] 2025-12-18 10:14:18.909 - 臨時目錄建立成功
[DEBUG] 2025-12-18 10:14:18.909 - 開始建立任務信息文件...
[DEBUG] 2025-12-18 10:14:18.909 - 目標目錄： "C:/Users/user/OneDrive/桌面/TaskSnap/debug/data/snapshots/.temp_1_1766024058908"
[DEBUG] 2025-12-18 10:14:18.909 - 信息文件路徑： "C:/Users/user/OneDrive/桌面/TaskSnap/debug/data/snapshots/.temp_1_1766024058908/TaskInfo.txt"
[DEBUG] 2025-12-18 10:14:18.910 - ✓ 文件已打開
[DEBUG] 2025-12-18 10:14:18.910 - ✓ 文本流已初始化
[DEBUG] 2025-12-18 10:14:18.910 - ✓ 任務信息文件建立成功
[DEBUG] 2025-12-18 10:14:18.910 - 任務信息文件建立成功
[DEBUG] 2025-12-18 10:14:18.910 - 開始複製附件，數量: 3
[DEBUG] 2025-12-18 10:14:18.910 - 開始複製附件...
[DEBUG] 2025-12-18 10:14:18.910 - 附件數量： 3
[DEBUG] 2025-12-18 10:14:18.910 - ✓ 附件目錄已建立： "C:/Users/user/OneDrive/桌面/TaskSnap/debug/data/snapshots/.temp_1_1766024058908/attachments"
[DEBUG] 2025-12-18 10:14:18.910 - 處理附件： "視窗設計期末專題計畫書(1).pdf"
[DEBUG] 2025-12-18 10:14:18.910 - 源路徑： "C:/Users/user/OneDrive/桌面/TaskSnap/debug/data/attachments/ec29285d-c907-401b-adee-66f1a34b30a2_視窗設計期末專題計畫書(1).pdf"
[DEBUG] 2025-12-18 10:14:18.912 - ✓ 附件已複製： "C:/Users/user/OneDrive/桌面/TaskSnap/debug/data/snapshots/.temp_1_1766024058908/attachments/視窗設計期末專題計畫書(1).pdf"
[DEBUG] 2025-12-18 10:14:18.912 - 處理附件： "螢幕擷取畫面 2025-11-21 132757.jpg"
[DEBUG] 2025-12-18 10:14:18.912 - 源路徑： "C:/Users/user/OneDrive/桌面/TaskSnap/debug/data/attachments/4b8b688d-7561-4b86-9ac6-4c26ad69dc4c_螢幕擷取畫面 2025-11-21 132757.jpg"
[DEBUG] 2025-12-18 10:14:18.913 - ✓ 附件已複製： "C:/Users/user/OneDrive/桌面/TaskSnap/debug/data/snapshots/.temp_1_1766024058908/attachments/螢幕擷取畫面 2025-11-21 132757.jpg"
[DEBUG] 2025-12-18 10:14:18.913 - 處理附件： "3D物件列印計畫書-范姜登科-電話外觀.docx"
[DEBUG] 2025-12-18 10:14:18.913 - 源路徑： "C:/Users/user/OneDrive/桌面/TaskSnap/debug/data/attachments/0c383e10-f029-44f2-ba58-97e93011c981_3D物件列印計畫書-范姜登科-電話外觀.docx"
[DEBUG] 2025-12-18 10:14:18.915 - ✓ 附件已複製： "C:/Users/user/OneDrive/桌面/TaskSnap/debug/data/snapshots/.temp_1_1766024058908/attachments/3D物件列印計畫書-范姜登科-電話外觀.docx"
[DEBUG] 2025-12-18 10:14:18.915 - ✓ 附件複製完成，共複製 3 個文件
[DEBUG] 2025-12-18 10:14:18.915 - 附件複製完成
[DEBUG] 2025-12-18 10:14:18.915 - ZIP 文件名: "Task_000001_2025-12-18_10-14-18.zip"
[DEBUG] 2025-12-18 10:14:18.915 - ZIP 文件完整路徑: "C:/Users/user/OneDrive/桌面/TaskSnap/debug/data/snapshots/Task_000001_2025-12-18_10-14-18.zip"
[DEBUG] 2025-12-18 10:14:18.915 - 開始建立 ZIP 存檔...
[DEBUG] 2025-12-18 10:14:18.915 - 開始建立 ZIP 存檔
[DEBUG] 2025-12-18 10:14:18.915 - 源目錄: "C:/Users/user/OneDrive/桌面/TaskSnap/debug/data/snapshots/.temp_1_1766024058908"
[DEBUG] 2025-12-18 10:14:18.915 - ZIP 路徑: "C:/Users/user/OneDrive/桌面/TaskSnap/debug/data/snapshots/Task_000001_2025-12-18_10-14-18.zip"
[DEBUG] 2025-12-18 10:14:18.915 - 嘗試使用 tar 命令...
[DEBUG] 2025-12-18 10:14:18.951 - ✓ 使用 tar 命令成功建立 ZIP 存檔
[DEBUG] 2025-12-18 10:14:18.951 - ZIP 存檔建立成功
[DEBUG] 2025-12-18 10:14:18.952 - 臨時目錄已清理
[DEBUG] 2025-12-18 10:14:18.952 - ========== 快照建立完成 ==========
[DEBUG] 2025-12-18 10:14:18.952 - 快照已建立： "C:/Users/user/OneDrive/桌面/TaskSnap/debug/data/snapshots/Task_000001_2025-12-18_10-14-18.zip"
[DEBUG] 2025-12-18 10:14:18.952 - 快照建立完成，返回路徑: "C:/Users/user/OneDrive/桌面/TaskSnap/debug/data/snapshots/Task_000001_2025-12-18_10-14-18.zip"
[DEBUG] 2025-12-18 10:14:18.952 - ✓✓✓ 快照建立成功！
[DEBUG] 2025-12-18 10:19:20.763 - 重新載入任務列表...
[DEBUG] 2025-12-18 10:19:20.765 - 載入任務數量: 4
[DEBUG] 2025-12-18 10:19:20.765 - ===== 任務完成處理結束 =====

[DEBUG] 2025-12-29 04:32:57.980 - 
========== 應用程序啟動 ==========
[DEBUG] 2025-12-29 04:32:57.983 - 應用目錄: "C:/Users/User/Documents/GitHub/TaskSnap#/debug"
[DEBUG] 2025-12-29 04:32:57.983 - 時間: "2025-12-29 04:32:57"
[INFO ] 2025-12-29 04:32:58.005 - Using Qt multimedia with FFmpeg version 7.1.1 LGPL version 2.1 or later
[DEBUG] 2025-12-29 04:33:01.024 - 數據目錄: "C:/Users/User/Documents/GitHub/TaskSnap#/debug/data"
[DEBUG] 2025-12-29 04:33:01.024 - 資料庫路徑: "C:/Users/User/Documents/GitHub/TaskSnap#/debug/data/tasks.db"
[DEBUG] 2025-12-29 04:33:01.133 - 資料表建立成功
[DEBUG] 2025-12-29 04:33:01.134 - 
========== 應用程序初始化 ==========
[DEBUG] 2025-12-29 04:33:01.134 - 數據存儲位置: "C:/Users/User/Documents/GitHub/TaskSnap#/debug/data"
[DEBUG] 2025-12-29 04:33:01.162 - 提醒檢查已啟動
[DEBUG] 2025-12-29 04:33:01.164 - 載入任務數量: 4
[DEBUG] 2025-12-29 05:12:15.006 - 
========== 應用程序啟動 ==========
[DEBUG] 2025-12-29 05:12:15.007 - 應用目錄: "C:/Users/User/Documents/GitHub/TaskSnap#/debug"
[DEBUG] 2025-12-29 05:12:15.007 - 時間: "2025-12-29 05:12:15"
[INFO ] 2025-12-29 05:12:15.220 - Using Qt multimedia with FFmpeg version 7.1.1 LGPL version 2.1 or later
[DEBUG] 2025-12-29 05:12:17.347 - 未找到統計文件，使用默認值 "C:/Users/User/Documents/GitHub/TaskSnap#/debug/data/workstats.json"
[DEBUG] 2025-12-29 05:12:17.347 - 未找到番茄鐘設置文件，使用預設值 "C:/Users/User/Documents/GitHub/TaskSnap#/debug/data/pomodoroconfig.json"
[DEBUG] 2025-12-29 05:12:17.347 - 番茄鐘設置已重置為預設值
[DEBUG] 2025-12-29 05:12:17.458 - 數據目錄: "C:/Users/User/Documents/GitHub/TaskSnap#/debug/data"
[DEBUG] 2025-12-29 05:12:17.458 - 資料庫路徑: "C:/Users/User/Documents/GitHub/TaskSnap#/debug/data/tasks.db"
[DEBUG] 2025-12-29 05:12:17.497 - 資料表建立成功
[DEBUG] 2025-12-29 05:12:17.497 - 
========== 應用程序初始化 ==========
[DEBUG] 2025-12-29 05:12:17.497 - 數據存儲位置: "C:/Users/User/Documents/GitHub/TaskSnap#/debug/data"
[DEBUG] 2025-12-29 05:12:17.528 - 提醒檢查已啟動
[DEBUG] 2025-12-29 05:12:17.528 - ✓ 番茄鐘設置已加載到計時器 工作: 25 分 短休: 5 分 長休: 15 分
[DEBUG] 2025-12-29 05:12:17.530 - 載入任務數量: 4
[DEBUG] 2025-12-29 05:13:09.719 - 新增任務成功，ID: 5
[DEBUG] 2025-12-29 05:13:09.720 - 載入任務數量: 5
[DEBUG] 2025-12-29 05:14:03.655 - 子任務已新增，ID: 1
[DEBUG] 2025-12-29 05:14:10.746 - 子任務已新增，ID: 2
[DEBUG] 2025-12-29 05:14:33.339 - 子任務已新增，ID: 3
[DEBUG] 2025-12-29 05:14:52.807 - 靈感已新增，ID: 1
[DEBUG] 2025-12-29 05:15:52.976 - 
===== 開始處理任務完成 =====
[DEBUG] 2025-12-29 05:15:52.976 - 任務 ID: 5
[DEBUG] 2025-12-29 05:15:52.976 - 任務標題: "QT期末報告"
[DEBUG] 2025-12-29 05:15:52.976 - 新狀態: true
[DEBUG] 2025-12-29 05:15:53.010 - 標記任務 完成 ，ID: 5
[DEBUG] 2025-12-29 05:15:53.010 - ✓ 任務狀態已更新
[DEBUG] 2025-12-29 05:15:53.010 - 
開始建立快照流程...
[DEBUG] 2025-12-29 05:15:53.010 - ✓ 已載入任務信息
[DEBUG] 2025-12-29 05:15:53.010 -   - 標題： "QT期末報告"
[DEBUG] 2025-12-29 05:15:53.010 -   - 初始附件數量： 0
[DEBUG] 2025-12-29 05:15:53.011 - ✓ 已載入附件
[DEBUG] 2025-12-29 05:15:53.011 -   - 最終附件數量： 0
[DEBUG] 2025-12-29 05:15:53.011 - 
呼叫 createSnapshot()...
[DEBUG] 2025-12-29 05:15:53.011 - ========== 開始建立快照 ==========
[DEBUG] 2025-12-29 05:15:53.011 - 任務 ID: 5
[DEBUG] 2025-12-29 05:15:53.011 - 任務標題: "QT期末報告"
[DEBUG] 2025-12-29 05:15:53.011 - 快照目錄: "C:/Users/User/Documents/GitHub/TaskSnap#/debug/data/snapshots"
[DEBUG] 2025-12-29 05:15:53.011 - 臨時目錄: "C:/Users/User/Documents/GitHub/TaskSnap#/debug/data/snapshots/.temp_5_1766956553011"
[DEBUG] 2025-12-29 05:15:53.012 - 臨時目錄建立成功
[DEBUG] 2025-12-29 05:15:53.012 - 開始建立任務信息文件...
[DEBUG] 2025-12-29 05:15:53.012 - 目標目錄： "C:/Users/User/Documents/GitHub/TaskSnap#/debug/data/snapshots/.temp_5_1766956553011"
[DEBUG] 2025-12-29 05:15:53.012 - 信息文件路徑： "C:/Users/User/Documents/GitHub/TaskSnap#/debug/data/snapshots/.temp_5_1766956553011/TaskInfo.txt"
[DEBUG] 2025-12-29 05:15:53.013 - ✓ 文件已打開
[DEBUG] 2025-12-29 05:15:53.013 - ✓ 文本流已初始化
[DEBUG] 2025-12-29 05:15:53.013 - ✓ 任務信息文件建立成功
[DEBUG] 2025-12-29 05:15:53.014 - 任務信息文件建立成功
[DEBUG] 2025-12-29 05:15:53.014 - 沒有附件
[DEBUG] 2025-12-29 05:15:53.014 - ZIP 文件名: "Task_000005_2025-12-29_05-15-53.zip"
[DEBUG] 2025-12-29 05:15:53.014 - ZIP 文件完整路徑: "C:/Users/User/Documents/GitHub/TaskSnap#/debug/data/snapshots/Task_000005_2025-12-29_05-15-53.zip"
[DEBUG] 2025-12-29 05:15:53.014 - 開始建立 ZIP 存檔...
[DEBUG] 2025-12-29 05:15:53.014 - 開始建立 ZIP 存檔
[DEBUG] 2025-12-29 05:15:53.015 - 源目錄: "C:/Users/User/Documents/GitHub/TaskSnap#/debug/data/snapshots/.temp_5_1766956553011"
[DEBUG] 2025-12-29 05:15:53.015 - ZIP 路徑: "C:/Users/User/Documents/GitHub/TaskSnap#/debug/data/snapshots/Task_000005_2025-12-29_05-15-53.zip"
[DEBUG] 2025-12-29 05:15:53.015 - 嘗試使用 tar 命令...
[DEBUG] 2025-12-29 05:15:53.120 - ✓ 使用 tar 命令成功建立 ZIP 存檔
[DEBUG] 2025-12-29 05:15:53.120 - ZIP 存檔建立成功
[DEBUG] 2025-12-29 05:15:53.121 - 臨時目錄已清理
[DEBUG] 2025-12-29 05:15:53.121 - ========== 快照建立完成 ==========
[DEBUG] 2025-12-29 05:15:53.121 - 快照已建立： "C:/Users/User/Documents/GitHub/TaskSnap#/debug/data/snapshots/Task_000005_2025-12-29_05-15-53.zip"
[DEBUG] 2025-12-29 05:15:53.121 - 快照建立完成，返回路徑: "C:/Users/User/Documents/GitHub/TaskSnap#/debug/data/snapshots/Task_000005_2025-12-29_05-15-53.zip"
[DEBUG] 2025-12-29 05:15:53.121 - ✓✓✓ 快照建立成功！
[DEBUG] 2025-12-29 05:15:54.928 - 重新載入任務列表...
[DEBUG] 2025-12-29 05:15:54.930 - 載入任務數量: 5
[DEBUG] 2025-12-29 05:15:54.933 - ===== 任務完成處理結束 =====

[DEBUG] 2025-12-29 05:17:19.304 - 
===== 開始處理任務完成 =====
[DEBUG] 2025-12-29 05:17:19.304 - 任務 ID: 5
[DEBUG] 2025-12-29 05:17:19.304 - 任務標題: "QT期末報告"
[DEBUG] 2025-12-29 05:17:19.304 - 新狀態: false
[DEBUG] 2025-12-29 05:17:19.338 - 標記任務 未完成 ，ID: 5
[DEBUG] 2025-12-29 05:17:19.338 - ✓ 任務狀態已更新
[DEBUG] 2025-12-29 05:17:19.338 - 重新載入任務列表...
[DEBUG] 2025-12-29 05:17:19.339 - 載入任務數量: 5
[DEBUG] 2025-12-29 05:17:19.341 - ===== 任務完成處理結束 =====

[DEBUG] 2025-12-29 05:17:36.329 - 靈感已新增，ID: 2
[DEBUG] 2025-12-29 05:24:36.425 - 
========== 應用程序啟動 ==========
[DEBUG] 2025-12-29 05:24:36.426 - 應用目錄: "C:/Users/User/Documents/GitHub/TaskSnap#/debug"
[DEBUG] 2025-12-29 05:24:36.426 - 時間: "2025-12-29 05:24:36"
[INFO ] 2025-12-29 05:24:36.503 - Using Qt multimedia with FFmpeg version 7.1.1 LGPL version 2.1 or later
[DEBUG] 2025-12-29 05:24:38.737 - 未找到統計文件，使用默認值 "C:/Users/User/Documents/GitHub/TaskSnap#/debug/data/workstats.json"
[DEBUG] 2025-12-29 05:24:38.738 - 未找到番茄鐘設置文件，使用預設值 "C:/Users/User/Documents/GitHub/TaskSnap#/debug/data/pomodoroconfig.json"
[DEBUG] 2025-12-29 05:24:38.738 - 番茄鐘設置已重置為預設值
[DEBUG] 2025-12-29 05:24:38.864 - 數據目錄: "C:/Users/User/Documents/GitHub/TaskSnap#/debug/data"
[DEBUG] 2025-12-29 05:24:38.864 - 資料庫路徑: "C:/Users/User/Documents/GitHub/TaskSnap#/debug/data/tasks.db"
[DEBUG] 2025-12-29 05:24:38.891 - 資料表建立成功
[DEBUG] 2025-12-29 05:24:38.891 - 
========== 應用程序初始化 ==========
[DEBUG] 2025-12-29 05:24:38.891 - 數據存儲位置: "C:/Users/User/Documents/GitHub/TaskSnap#/debug/data"
[DEBUG] 2025-12-29 05:24:38.920 - 提醒檢查已啟動
[DEBUG] 2025-12-29 05:24:38.920 - ✓ 番茄鐘設置已加載到計時器 工作: 25 分 短休: 5 分 長休: 15 分
[DEBUG] 2025-12-29 05:24:38.926 - 載入任務數量: 5
[DEBUG] 2025-12-29 05:26:57.481 - 更新任務成功，ID: 5
[DEBUG] 2025-12-29 05:26:57.485 - 載入任務數量: 5
[DEBUG] 2025-12-29 05:27:19.909 - 更新任務成功，ID: 5
[DEBUG] 2025-12-29 05:27:19.913 - 載入任務數量: 5
[DEBUG] 2025-12-29 05:29:13.764 - 
========== 應用程序啟動 ==========
[DEBUG] 2025-12-29 05:29:13.765 - 應用目錄: "C:/Users/User/Documents/GitHub/TaskSnap#/debug"
[DEBUG] 2025-12-29 05:29:13.765 - 時間: "2025-12-29 05:29:13"
[INFO ] 2025-12-29 05:29:13.775 - Using Qt multimedia with FFmpeg version 7.1.1 LGPL version 2.1 or later
[DEBUG] 2025-12-29 05:29:15.914 - 未找到統計文件，使用默認值 "C:/Users/User/Documents/GitHub/TaskSnap#/debug/data/workstats.json"
[DEBUG] 2025-12-29 05:29:15.914 - 未找到番茄鐘設置文件，使用預設值 "C:/Users/User/Documents/GitHub/TaskSnap#/debug/data/pomodoroconfig.json"
[DEBUG] 2025-12-29 05:29:15.914 - 番茄鐘設置已重置為預設值
[DEBUG] 2025-12-29 05:29:15.963 - 數據目錄: "C:/Users/User/Documents/GitHub/TaskSnap#/debug/data"
[DEBUG] 2025-12-29 05:29:15.963 - 資料庫路徑: "C:/Users/User/Documents/GitHub/TaskSnap#/debug/data/tasks.db"
[DEBUG] 2025-12-29 05:29:15.968 - 資料表建立成功
[DEBUG] 2025-12-29 05:29:15.968 - 
========== 應用程序初始化 ==========
[DEBUG] 2025-12-29 05:29:15.968 - 數據存儲位置: "C:/Users/User/Documents/GitHub/TaskSnap#/debug/data"
[DEBUG] 2025-12-29 05:29:15.988 - 提醒檢查已啟動
[DEBUG] 2025-12-29 05:29:15.988 - ✓ 番茄鐘設置已加載到計時器 工作: 25 分 短休: 5 分 長休: 15 分
[DEBUG] 2025-12-29 05:29:15.989 - 載入任務數量: 5
[DEBUG] 2025-12-29 05:29:47.275 - 
===== 開始處理任務完成 =====
[DEBUG] 2025-12-29 05:29:47.275 - 任務 ID: 5
[DEBUG] 2025-12-29 05:29:47.275 - 任務標題: "QT期末報告"
[DEBUG] 2025-12-29 05:29:47.275 - 新狀態: true
[DEBUG] 2025-12-29 05:29:47.309 - 標記任務 完成 ，ID: 5
[DEBUG] 2025-12-29 05:29:47.309 - ✓ 任務狀態已更新
[DEBUG] 2025-12-29 05:29:47.309 - 
開始建立快照流程...
[DEBUG] 2025-12-29 05:29:47.310 - ✓ 已載入任務信息
[DEBUG] 2025-12-29 05:29:47.310 -   - 標題： "QT期末報告"
[DEBUG] 2025-12-29 05:29:47.310 -   - 初始附件數量： 0
[DEBUG] 2025-12-29 05:29:47.310 - ✓ 已載入附件
[DEBUG] 2025-12-29 05:29:47.310 -   - 最終附件數量： 0
[DEBUG] 2025-12-29 05:29:47.310 - 
呼叫 createSnapshot()...
[DEBUG] 2025-12-29 05:29:47.310 - ========== 開始建立快照 ==========
[DEBUG] 2025-12-29 05:29:47.310 - 任務 ID: 5
[DEBUG] 2025-12-29 05:29:47.310 - 任務標題: "QT期末報告"
[DEBUG] 2025-12-29 05:29:47.311 - 快照目錄: "C:/Users/User/Documents/GitHub/TaskSnap#/debug/data/snapshots"
[DEBUG] 2025-12-29 05:29:47.311 - 臨時目錄: "C:/Users/User/Documents/GitHub/TaskSnap#/debug/data/snapshots/.temp_5_1766957387311"
[DEBUG] 2025-12-29 05:29:47.311 - 臨時目錄建立成功
[DEBUG] 2025-12-29 05:29:47.311 - 開始建立任務信息文件...
[DEBUG] 2025-12-29 05:29:47.311 - 目標目錄： "C:/Users/User/Documents/GitHub/TaskSnap#/debug/data/snapshots/.temp_5_1766957387311"
[DEBUG] 2025-12-29 05:29:47.311 - 信息文件路徑： "C:/Users/User/Documents/GitHub/TaskSnap#/debug/data/snapshots/.temp_5_1766957387311/TaskInfo.txt"
[DEBUG] 2025-12-29 05:29:47.312 - ✓ 文件已打開
[DEBUG] 2025-12-29 05:29:47.312 - ✓ 文本流已初始化
[DEBUG] 2025-12-29 05:29:47.312 - ✓ 任務信息文件建立成功
[DEBUG] 2025-12-29 05:29:47.312 - 任務信息文件建立成功
[DEBUG] 2025-12-29 05:29:47.312 - 沒有附件
[DEBUG] 2025-12-29 05:29:47.313 - ZIP 文件名: "Task_000005_2025-12-29_05-29-47.zip"
[DEBUG] 2025-12-29 05:29:47.313 - ZIP 文件完整路徑: "C:/Users/User/Documents/GitHub/TaskSnap#/debug/data/snapshots/Task_000005_2025-12-29_05-29-47.zip"
[DEBUG] 2025-12-29 05:29:47.313 - 開始建立 ZIP 存檔...
[DEBUG] 2025-12-29 05:29:47.313 - 開始建立 ZIP 存檔
[DEBUG] 2025-12-29 05:29:47.313 - 源目錄: "C:/Users/User/Documents/GitHub/TaskSnap#/debug/data/snapshots/.temp_5_1766957387311"
[DEBUG] 2025-12-29 05:29:47.313 - ZIP 路徑: "C:/Users/User/Documents/GitHub/TaskSnap#/debug/data/snapshots/Task_000005_2025-12-29_05-29-47.zip"
[DEBUG] 2025-12-29 05:29:47.313 - 嘗試使用 tar 命令...
[DEBUG] 2025-12-29 05:29:47.392 - ✓ 使用 tar 命令成功建立 ZIP 存檔
[DEBUG] 2025-12-29 05:29:47.392 - ZIP 存檔建立成功
[DEBUG] 2025-12-29 05:29:47.392 - 臨時目錄已清理
[DEBUG] 2025-12-29 05:29:47.392 - ========== 快照建立完成 ==========
[DEBUG] 2025-12-29 05:29:47.392 - 快照已建立： "C:/Users/User/Documents/GitHub/TaskSnap#/debug/data/snapshots/Task_000005_2025-12-29_05-29-47.zip"
[DEBUG] 2025-12-29 05:29:47.392 - 快照建立完成，返回路徑: "C:/Users/User/Documents/GitHub/TaskSnap#/debug/data/snapshots/Task_000005_2025-12-29_05-29-47.zip"
[DEBUG] 2025-12-29 05:29:47.393 - ✓✓✓ 快照建立成功！
[DEBUG] 2025-12-29 05:29:49.515 - 重新載入任務列表...
[DEBUG] 2025-12-29 05:29:49.517 - 載入任務數量: 5
[DEBUG] 2025-12-29 05:29:49.520 - ===== 任務完成處理結束 =====

